17-02-2025 11:46:06.853 [restartedMain] ERROR | PID: %PARSER_ERROR[processId] | o.s.boot.SpringApplication.reportFailure - Application run failed
java.lang.IllegalStateException: java.lang.IllegalStateException: Logback configuration error detected: 
ERROR in ch.qos.logback.core.pattern.parser.Compiler@9fa2e4c - There is no conversion class registered for conversion word [processId]
ERROR in ch.qos.logback.core.pattern.parser.Compiler@9fa2e4c - [processId] is not a valid conversion word
ERROR in ch.qos.logback.core.pattern.parser.Compiler@7519d6b7 - There is no conversion class registered for conversion word [processId]
ERROR in ch.qos.logback.core.pattern.parser.Compiler@7519d6b7 - [processId] is not a valid conversion word
	at org.springframework.boot.context.logging.LoggingApplicationListener.initializeSystem(LoggingApplicationListener.java:347)
	at org.springframework.boot.context.logging.LoggingApplicationListener.initialize(LoggingApplicationListener.java:298)
	at org.springframework.boot.context.logging.LoggingApplicationListener.onApplicationEnvironmentPreparedEvent(LoggingApplicationListener.java:246)
	at org.springframework.boot.context.logging.LoggingApplicationListener.onApplicationEvent(LoggingApplicationListener.java:223)
	at org.springframework.context.event.SimpleApplicationEventMulticaster.doInvokeListener(SimpleApplicationEventMulticaster.java:185)
	at org.springframework.context.event.SimpleApplicationEventMulticaster.invokeListener(SimpleApplicationEventMulticaster.java:178)
	at org.springframework.context.event.SimpleApplicationEventMulticaster.multicastEvent(SimpleApplicationEventMulticaster.java:156)
	at org.springframework.context.event.SimpleApplicationEventMulticaster.multicastEvent(SimpleApplicationEventMulticaster.java:138)
	at org.springframework.boot.context.event.EventPublishingRunListener.multicastInitialEvent(EventPublishingRunListener.java:136)
	at org.springframework.boot.context.event.EventPublishingRunListener.environmentPrepared(EventPublishingRunListener.java:81)
	at org.springframework.boot.SpringApplicationRunListeners.lambda$environmentPrepared$2(SpringApplicationRunListeners.java:64)
	at java.base/java.lang.Iterable.forEach(Iterable.java:75)
	at org.springframework.boot.SpringApplicationRunListeners.doWithListeners(SpringApplicationRunListeners.java:118)
	at org.springframework.boot.SpringApplicationRunListeners.doWithListeners(SpringApplicationRunListeners.java:112)
	at org.springframework.boot.SpringApplicationRunListeners.environmentPrepared(SpringApplicationRunListeners.java:63)
	at org.springframework.boot.SpringApplication.prepareEnvironment(SpringApplication.java:370)
	at org.springframework.boot.SpringApplication.run(SpringApplication.java:330)
	at org.springframework.boot.SpringApplication.run(SpringApplication.java:1363)
	at org.springframework.boot.SpringApplication.run(SpringApplication.java:1352)
	at com.capstone.contractmanagement.ContractManagementApplication.main(ContractManagementApplication.java:10)
	at java.base/jdk.internal.reflect.NativeMethodAccessorImpl.invoke0(Native Method)
	at java.base/jdk.internal.reflect.NativeMethodAccessorImpl.invoke(NativeMethodAccessorImpl.java:77)
	at java.base/jdk.internal.reflect.DelegatingMethodAccessorImpl.invoke(DelegatingMethodAccessorImpl.java:43)
	at java.base/java.lang.reflect.Method.invoke(Method.java:569)
	at org.springframework.boot.devtools.restart.RestartLauncher.run(RestartLauncher.java:50)
Caused by: java.lang.IllegalStateException: Logback configuration error detected: 
ERROR in ch.qos.logback.core.pattern.parser.Compiler@9fa2e4c - There is no conversion class registered for conversion word [processId]
ERROR in ch.qos.logback.core.pattern.parser.Compiler@9fa2e4c - [processId] is not a valid conversion word
ERROR in ch.qos.logback.core.pattern.parser.Compiler@7519d6b7 - There is no conversion class registered for conversion word [processId]
ERROR in ch.qos.logback.core.pattern.parser.Compiler@7519d6b7 - [processId] is not a valid conversion word
	at org.springframework.boot.logging.logback.LogbackLoggingSystem.reportConfigurationErrorsIfNecessary(LogbackLoggingSystem.java:284)
	at org.springframework.boot.logging.logback.LogbackLoggingSystem.loadConfiguration(LogbackLoggingSystem.java:262)
	at org.springframework.boot.logging.logback.LogbackLoggingSystem.reinitialize(LogbackLoggingSystem.java:341)
	at org.springframework.boot.logging.AbstractLoggingSystem.initializeWithConventions(AbstractLoggingSystem.java:74)
	at org.springframework.boot.logging.AbstractLoggingSystem.initialize(AbstractLoggingSystem.java:61)
	at org.springframework.boot.logging.logback.LogbackLoggingSystem.initialize(LogbackLoggingSystem.java:193)
	at org.springframework.boot.context.logging.LoggingApplicationListener.initializeSystem(LoggingApplicationListener.java:332)
	... 24 common frames omitted
17-02-2025 11:46:23.425 [background-preinit] INFO  o.h.validator.internal.util.Version.<clinit> - HV000001: Hibernate Validator 8.0.1.Final
17-02-2025 11:46:23.454 [restartedMain] INFO  c.c.c.ContractManagementApplication.logStarting - Starting ContractManagementApplication using Java 17.0.14 with PID 7949 (/media/chinhbean/PERSONAL/source-code/source-code-java/CoMS/target/classes started by chinhbean in /media/chinhbean/PERSONAL/source-code/source-code-java/CoMS)
17-02-2025 11:46:23.455 [restartedMain] INFO  c.c.c.ContractManagementApplication.logStartupProfileInfo - The following 1 profile is active: "dev"
17-02-2025 11:46:23.485 [restartedMain] INFO  o.s.b.d.restart.ChangeableUrls.logTo - The Class-Path manifest attribute in /home/chinhbean/.m2/repository/io/grpc/grpc-netty-shaded/1.39.0/grpc-netty-shaded-1.39.0.jar referenced one or more files that do not exist: file:/home/chinhbean/.m2/repository/io/grpc/grpc-netty-shaded/1.39.0/grpc-core-1.39.0.jar,file:/home/chinhbean/.m2/repository/io/grpc/grpc-netty-shaded/1.39.0/grpc-api-1.39.0.jar,file:/home/chinhbean/.m2/repository/io/grpc/grpc-netty-shaded/1.39.0/guava-30.1-android.jar,file:/home/chinhbean/.m2/repository/io/grpc/grpc-netty-shaded/1.39.0/error_prone_annotations-2.4.0.jar,file:/home/chinhbean/.m2/repository/io/grpc/grpc-netty-shaded/1.39.0/perfmark-api-0.23.0.jar,file:/home/chinhbean/.m2/repository/io/grpc/grpc-netty-shaded/1.39.0/failureaccess-1.0.1.jar,file:/home/chinhbean/.m2/repository/io/grpc/grpc-netty-shaded/1.39.0/listenablefuture-9999.0-empty-to-avoid-conflict-with-guava.jar,file:/home/chinhbean/.m2/repository/io/grpc/grpc-netty-shaded/1.39.0/jsr305-3.0.2.jar,file:/home/chinhbean/.m2/repository/io/grpc/grpc-netty-shaded/1.39.0/checker-compat-qual-2.5.5.jar,file:/home/chinhbean/.m2/repository/io/grpc/grpc-netty-shaded/1.39.0/j2objc-annotations-1.3.jar,file:/home/chinhbean/.m2/repository/io/grpc/grpc-netty-shaded/1.39.0/gson-2.8.6.jar,file:/home/chinhbean/.m2/repository/io/grpc/grpc-netty-shaded/1.39.0/annotations-4.1.1.4.jar,file:/home/chinhbean/.m2/repository/io/grpc/grpc-netty-shaded/1.39.0/animal-sniffer-annotations-1.19.jar,file:/home/chinhbean/.m2/repository/io/grpc/grpc-netty-shaded/1.39.0/grpc-context-1.39.0.jar
17-02-2025 11:46:23.485 [restartedMain] INFO  o.s.b.d.restart.ChangeableUrls.logTo - The Class-Path manifest attribute in /home/chinhbean/.m2/repository/io/grpc/grpc-alts/1.39.0/grpc-alts-1.39.0.jar referenced one or more files that do not exist: file:/home/chinhbean/.m2/repository/io/grpc/grpc-alts/1.39.0/grpc-auth-1.39.0.jar,file:/home/chinhbean/.m2/repository/io/grpc/grpc-alts/1.39.0/grpc-grpclb-1.39.0.jar,file:/home/chinhbean/.m2/repository/io/grpc/grpc-alts/1.39.0/grpc-protobuf-1.39.0.jar,file:/home/chinhbean/.m2/repository/io/grpc/grpc-alts/1.39.0/grpc-stub-1.39.0.jar,file:/home/chinhbean/.m2/repository/io/grpc/grpc-alts/1.39.0/protobuf-java-util-3.17.2.jar,file:/home/chinhbean/.m2/repository/io/grpc/grpc-alts/1.39.0/proto-google-common-protos-2.0.1.jar,file:/home/chinhbean/.m2/repository/io/grpc/grpc-alts/1.39.0/protobuf-java-3.17.2.jar,file:/home/chinhbean/.m2/repository/io/grpc/grpc-alts/1.39.0/conscrypt-openjdk-uber-2.5.1.jar,file:/home/chinhbean/.m2/repository/io/grpc/grpc-alts/1.39.0/google-auth-library-oauth2-http-0.22.2.jar,file:/home/chinhbean/.m2/repository/io/grpc/grpc-alts/1.39.0/grpc-netty-shaded-1.39.0.jar,file:/home/chinhbean/.m2/repository/io/grpc/grpc-alts/1.39.0/grpc-core-1.39.0.jar,file:/home/chinhbean/.m2/repository/io/grpc/grpc-alts/1.39.0/grpc-protobuf-lite-1.39.0.jar,file:/home/chinhbean/.m2/repository/io/grpc/grpc-alts/1.39.0/grpc-api-1.39.0.jar,file:/home/chinhbean/.m2/repository/io/grpc/grpc-alts/1.39.0/google-http-client-jackson2-1.38.0.jar,file:/home/chinhbean/.m2/repository/io/grpc/grpc-alts/1.39.0/google-http-client-1.38.0.jar,file:/home/chinhbean/.m2/repository/io/grpc/grpc-alts/1.39.0/opencensus-contrib-http-util-0.24.0.jar,file:/home/chinhbean/.m2/repository/io/grpc/grpc-alts/1.39.0/guava-30.1-android.jar,file:/home/chinhbean/.m2/repository/io/grpc/grpc-alts/1.39.0/google-auth-library-credentials-0.22.2.jar,file:/home/chinhbean/.m2/repository/io/grpc/grpc-alts/1.39.0/error_prone_annotations-2.4.0.jar,file:/home/chinhbean/.m2/repository/io/grpc/grpc-alts/1.39.0/jsr305-3.0.2.jar,file:/home/chinhbean/.m2/repository/io/grpc/grpc-alts/1.39.0/failureaccess-1.0.1.jar,file:/home/chinhbean/.m2/repository/io/grpc/grpc-alts/1.39.0/listenablefuture-9999.0-empty-to-avoid-conflict-with-guava.jar,file:/home/chinhbean/.m2/repository/io/grpc/grpc-alts/1.39.0/checker-compat-qual-2.5.5.jar,file:/home/chinhbean/.m2/repository/io/grpc/grpc-alts/1.39.0/j2objc-annotations-1.3.jar,file:/home/chinhbean/.m2/repository/io/grpc/grpc-alts/1.39.0/auto-value-annotations-1.7.4.jar,file:/home/chinhbean/.m2/repository/io/grpc/grpc-alts/1.39.0/perfmark-api-0.23.0.jar,file:/home/chinhbean/.m2/repository/io/grpc/grpc-alts/1.39.0/opencensus-api-0.24.0.jar,file:/home/chinhbean/.m2/repository/io/grpc/grpc-alts/1.39.0/grpc-context-1.39.0.jar,file:/home/chinhbean/.m2/repository/io/grpc/grpc-alts/1.39.0/gson-2.8.6.jar,file:/home/chinhbean/.m2/repository/io/grpc/grpc-alts/1.39.0/annotations-4.1.1.4.jar,file:/home/chinhbean/.m2/repository/io/grpc/grpc-alts/1.39.0/animal-sniffer-annotations-1.19.jar,file:/home/chinhbean/.m2/repository/io/grpc/grpc-alts/1.39.0/httpclient-4.5.13.jar,file:/home/chinhbean/.m2/repository/io/grpc/grpc-alts/1.39.0/httpcore-4.4.13.jar,file:/home/chinhbean/.m2/repository/io/grpc/grpc-alts/1.39.0/jackson-core-2.11.3.jar,file:/home/chinhbean/.m2/repository/io/grpc/grpc-alts/1.39.0/commons-logging-1.2.jar,file:/home/chinhbean/.m2/repository/io/grpc/grpc-alts/1.39.0/commons-codec-1.11.jar
17-02-2025 11:46:23.486 [restartedMain] INFO  o.s.b.d.e.DevToolsPropertyDefaultsPostProcessor.logTo - Devtools property defaults active! Set 'spring.devtools.add-properties' to 'false' to disable
17-02-2025 11:46:23.486 [restartedMain] INFO  o.s.b.d.e.DevToolsPropertyDefaultsPostProcessor.logTo - For additional web related logging consider setting the 'logging.level.web' property to 'DEBUG'
17-02-2025 11:46:24.539 [restartedMain] INFO  o.s.d.r.c.RepositoryConfigurationDelegate.registerRepositoriesIn - Bootstrapping Spring Data JPA repositories in DEFAULT mode.
17-02-2025 11:46:24.673 [restartedMain] INFO  o.s.d.r.c.RepositoryConfigurationDelegate.registerRepositoriesIn - Finished Spring Data repository scanning in 128 ms. Found 11 JPA repository interfaces.
17-02-2025 11:46:25.377 [restartedMain] INFO  o.s.b.w.e.tomcat.TomcatWebServer.initialize - Tomcat initialized with port 8080 (http)
17-02-2025 11:46:25.384 [restartedMain] INFO  o.a.coyote.http11.Http11NioProtocol.log - Initializing ProtocolHandler ["http-nio-8080"]
17-02-2025 11:46:25.387 [restartedMain] INFO  o.a.catalina.core.StandardService.log - Starting service [Tomcat]
17-02-2025 11:46:25.387 [restartedMain] INFO  o.a.catalina.core.StandardEngine.log - Starting Servlet engine: [Apache Tomcat/10.1.28]
17-02-2025 11:46:25.422 [restartedMain] INFO  o.a.c.c.C.[Tomcat].[localhost].[/].log - Initializing Spring embedded WebApplicationContext
17-02-2025 11:46:25.423 [restartedMain] INFO  o.s.b.w.s.c.ServletWebServerApplicationContext.prepareWebApplicationContext - Root WebApplicationContext: initialization completed in 1937 ms
17-02-2025 11:46:25.583 [restartedMain] INFO  com.zaxxer.hikari.HikariDataSource.getConnection - HikariPool-1 - Starting...
17-02-2025 11:46:25.773 [restartedMain] INFO  com.zaxxer.hikari.pool.HikariPool.checkFailFast - HikariPool-1 - Added connection org.postgresql.jdbc.PgConnection@4d5fcdca
17-02-2025 11:46:25.774 [restartedMain] INFO  com.zaxxer.hikari.HikariDataSource.getConnection - HikariPool-1 - Start completed.
17-02-2025 11:46:25.782 [restartedMain] INFO  o.s.b.a.h.H2ConsoleAutoConfiguration.logDataSources - H2 console available at '/h2-console'. Database available at 'jdbc:postgresql://localhost:5432/coms?useSSL=false&serverTimezone=UTC&allowPublicKeyRetrieval=true'
17-02-2025 11:46:25.946 [restartedMain] INFO  o.h.jpa.internal.util.LogHelper.logPersistenceUnitInformation - HHH000204: Processing PersistenceUnitInfo [name: default]
17-02-2025 11:46:25.994 [restartedMain] INFO  org.hibernate.Version.logVersion - HHH000412: Hibernate ORM core version 6.5.2.Final
17-02-2025 11:46:26.029 [restartedMain] INFO  o.h.c.i.RegionFactoryInitiator.initiateService - HHH000026: Second-level cache disabled
17-02-2025 11:46:26.292 [restartedMain] INFO  o.s.o.j.p.SpringPersistenceUnitInfo.addTransformer - No LoadTimeWeaver setup: ignoring JPA class transformer
17-02-2025 11:46:26.335 [restartedMain] WARN  org.hibernate.orm.deprecation.constructDialect - HHH90000025: PostgreSQLDialect does not need to be specified explicitly using 'hibernate.dialect' (remove the property setting and it will be selected by default)
17-02-2025 11:46:27.374 [restartedMain] INFO  o.h.e.t.j.p.i.JtaPlatformInitiator.initiateService - HHH000489: No JTA platform available (set 'hibernate.transaction.jta.platform' to enable JTA platform integration)
17-02-2025 11:46:27.651 [restartedMain] INFO  o.s.o.j.LocalContainerEntityManagerFactoryBean.buildNativeEntityManagerFactory - Initialized JPA EntityManagerFactory for persistence unit 'default'
17-02-2025 11:46:27.899 [restartedMain] INFO  o.s.d.j.r.query.QueryEnhancerFactory.<clinit> - Hibernate is in classpath; If applicable, HQL parser will be used.
17-02-2025 11:46:28.842 [restartedMain] INFO  o.s.s.c.a.a.c.InitializeAuthenticationProviderBeanManagerConfigurer$InitializeAuthenticationProviderManagerConfigurer.configure - Global AuthenticationManager configured with AuthenticationProvider bean with name authenticationProvider
17-02-2025 11:46:28.843 [restartedMain] WARN  o.s.s.c.a.a.c.InitializeUserDetailsBeanManagerConfigurer$InitializeUserDetailsManagerConfigurer.configure - Global AuthenticationManager configured with an AuthenticationProvider bean. UserDetailsService beans will not be used for username/password login. Consider removing the AuthenticationProvider bean. Alternatively, consider using the UserDetailsService in a manually instantiated DaoAuthenticationProvider.
17-02-2025 11:46:29.458 [restartedMain] INFO  o.s.b.a.e.web.EndpointLinksResolver.<init> - Exposing 1 endpoint beneath base path '/actuator'
17-02-2025 11:46:30.092 [restartedMain] INFO  o.s.b.d.a.OptionalLiveReloadServer.startServer - LiveReload server is running on port 35729
17-02-2025 11:46:30.139 [restartedMain] INFO  o.a.coyote.http11.Http11NioProtocol.log - Starting ProtocolHandler ["http-nio-8080"]
17-02-2025 11:46:30.147 [restartedMain] INFO  o.s.b.w.e.tomcat.TomcatWebServer.start - Tomcat started on port 8080 (http) with context path '/'
17-02-2025 11:46:30.164 [restartedMain] INFO  c.c.c.ContractManagementApplication.logStarted - Started ContractManagementApplication in 7.007 seconds (process running for 7.64)
17-02-2025 11:46:30.807 [RMI TCP Connection(2)-127.0.0.1] INFO  o.a.c.c.C.[Tomcat].[localhost].[/].log - Initializing Spring DispatcherServlet 'dispatcherServlet'
17-02-2025 11:46:30.807 [RMI TCP Connection(2)-127.0.0.1] INFO  o.s.web.servlet.DispatcherServlet.initServletBean - Initializing Servlet 'dispatcherServlet'
17-02-2025 11:46:30.809 [RMI TCP Connection(2)-127.0.0.1] INFO  o.s.web.servlet.DispatcherServlet.initServletBean - Completed initialization in 2 ms
17-02-2025 11:47:40.490 [SpringApplicationShutdownHook] INFO  o.s.o.j.LocalContainerEntityManagerFactoryBean.destroy - Closing JPA EntityManagerFactory for persistence unit 'default'
17-02-2025 11:47:40.493 [SpringApplicationShutdownHook] INFO  com.zaxxer.hikari.HikariDataSource.close - HikariPool-1 - Shutdown initiated...
17-02-2025 11:47:40.498 [SpringApplicationShutdownHook] INFO  com.zaxxer.hikari.HikariDataSource.close - HikariPool-1 - Shutdown completed.
17-02-2025 11:47:42.243 [background-preinit] INFO  o.h.validator.internal.util.Version.<clinit> - HV000001: Hibernate Validator 8.0.1.Final
17-02-2025 11:47:42.271 [restartedMain] INFO  c.c.c.ContractManagementApplication.logStarting - Starting ContractManagementApplication using Java 17.0.14 with PID 8207 (/media/chinhbean/PERSONAL/source-code/source-code-java/CoMS/target/classes started by chinhbean in /media/chinhbean/PERSONAL/source-code/source-code-java/CoMS)
17-02-2025 11:47:42.272 [restartedMain] INFO  c.c.c.ContractManagementApplication.logStartupProfileInfo - The following 1 profile is active: "dev"
17-02-2025 11:47:42.306 [restartedMain] INFO  o.s.b.d.restart.ChangeableUrls.logTo - The Class-Path manifest attribute in /home/chinhbean/.m2/repository/io/grpc/grpc-netty-shaded/1.39.0/grpc-netty-shaded-1.39.0.jar referenced one or more files that do not exist: file:/home/chinhbean/.m2/repository/io/grpc/grpc-netty-shaded/1.39.0/grpc-core-1.39.0.jar,file:/home/chinhbean/.m2/repository/io/grpc/grpc-netty-shaded/1.39.0/grpc-api-1.39.0.jar,file:/home/chinhbean/.m2/repository/io/grpc/grpc-netty-shaded/1.39.0/guava-30.1-android.jar,file:/home/chinhbean/.m2/repository/io/grpc/grpc-netty-shaded/1.39.0/error_prone_annotations-2.4.0.jar,file:/home/chinhbean/.m2/repository/io/grpc/grpc-netty-shaded/1.39.0/perfmark-api-0.23.0.jar,file:/home/chinhbean/.m2/repository/io/grpc/grpc-netty-shaded/1.39.0/failureaccess-1.0.1.jar,file:/home/chinhbean/.m2/repository/io/grpc/grpc-netty-shaded/1.39.0/listenablefuture-9999.0-empty-to-avoid-conflict-with-guava.jar,file:/home/chinhbean/.m2/repository/io/grpc/grpc-netty-shaded/1.39.0/jsr305-3.0.2.jar,file:/home/chinhbean/.m2/repository/io/grpc/grpc-netty-shaded/1.39.0/checker-compat-qual-2.5.5.jar,file:/home/chinhbean/.m2/repository/io/grpc/grpc-netty-shaded/1.39.0/j2objc-annotations-1.3.jar,file:/home/chinhbean/.m2/repository/io/grpc/grpc-netty-shaded/1.39.0/gson-2.8.6.jar,file:/home/chinhbean/.m2/repository/io/grpc/grpc-netty-shaded/1.39.0/annotations-4.1.1.4.jar,file:/home/chinhbean/.m2/repository/io/grpc/grpc-netty-shaded/1.39.0/animal-sniffer-annotations-1.19.jar,file:/home/chinhbean/.m2/repository/io/grpc/grpc-netty-shaded/1.39.0/grpc-context-1.39.0.jar
17-02-2025 11:47:42.306 [restartedMain] INFO  o.s.b.d.restart.ChangeableUrls.logTo - The Class-Path manifest attribute in /home/chinhbean/.m2/repository/io/grpc/grpc-alts/1.39.0/grpc-alts-1.39.0.jar referenced one or more files that do not exist: file:/home/chinhbean/.m2/repository/io/grpc/grpc-alts/1.39.0/grpc-auth-1.39.0.jar,file:/home/chinhbean/.m2/repository/io/grpc/grpc-alts/1.39.0/grpc-grpclb-1.39.0.jar,file:/home/chinhbean/.m2/repository/io/grpc/grpc-alts/1.39.0/grpc-protobuf-1.39.0.jar,file:/home/chinhbean/.m2/repository/io/grpc/grpc-alts/1.39.0/grpc-stub-1.39.0.jar,file:/home/chinhbean/.m2/repository/io/grpc/grpc-alts/1.39.0/protobuf-java-util-3.17.2.jar,file:/home/chinhbean/.m2/repository/io/grpc/grpc-alts/1.39.0/proto-google-common-protos-2.0.1.jar,file:/home/chinhbean/.m2/repository/io/grpc/grpc-alts/1.39.0/protobuf-java-3.17.2.jar,file:/home/chinhbean/.m2/repository/io/grpc/grpc-alts/1.39.0/conscrypt-openjdk-uber-2.5.1.jar,file:/home/chinhbean/.m2/repository/io/grpc/grpc-alts/1.39.0/google-auth-library-oauth2-http-0.22.2.jar,file:/home/chinhbean/.m2/repository/io/grpc/grpc-alts/1.39.0/grpc-netty-shaded-1.39.0.jar,file:/home/chinhbean/.m2/repository/io/grpc/grpc-alts/1.39.0/grpc-core-1.39.0.jar,file:/home/chinhbean/.m2/repository/io/grpc/grpc-alts/1.39.0/grpc-protobuf-lite-1.39.0.jar,file:/home/chinhbean/.m2/repository/io/grpc/grpc-alts/1.39.0/grpc-api-1.39.0.jar,file:/home/chinhbean/.m2/repository/io/grpc/grpc-alts/1.39.0/google-http-client-jackson2-1.38.0.jar,file:/home/chinhbean/.m2/repository/io/grpc/grpc-alts/1.39.0/google-http-client-1.38.0.jar,file:/home/chinhbean/.m2/repository/io/grpc/grpc-alts/1.39.0/opencensus-contrib-http-util-0.24.0.jar,file:/home/chinhbean/.m2/repository/io/grpc/grpc-alts/1.39.0/guava-30.1-android.jar,file:/home/chinhbean/.m2/repository/io/grpc/grpc-alts/1.39.0/google-auth-library-credentials-0.22.2.jar,file:/home/chinhbean/.m2/repository/io/grpc/grpc-alts/1.39.0/error_prone_annotations-2.4.0.jar,file:/home/chinhbean/.m2/repository/io/grpc/grpc-alts/1.39.0/jsr305-3.0.2.jar,file:/home/chinhbean/.m2/repository/io/grpc/grpc-alts/1.39.0/failureaccess-1.0.1.jar,file:/home/chinhbean/.m2/repository/io/grpc/grpc-alts/1.39.0/listenablefuture-9999.0-empty-to-avoid-conflict-with-guava.jar,file:/home/chinhbean/.m2/repository/io/grpc/grpc-alts/1.39.0/checker-compat-qual-2.5.5.jar,file:/home/chinhbean/.m2/repository/io/grpc/grpc-alts/1.39.0/j2objc-annotations-1.3.jar,file:/home/chinhbean/.m2/repository/io/grpc/grpc-alts/1.39.0/auto-value-annotations-1.7.4.jar,file:/home/chinhbean/.m2/repository/io/grpc/grpc-alts/1.39.0/perfmark-api-0.23.0.jar,file:/home/chinhbean/.m2/repository/io/grpc/grpc-alts/1.39.0/opencensus-api-0.24.0.jar,file:/home/chinhbean/.m2/repository/io/grpc/grpc-alts/1.39.0/grpc-context-1.39.0.jar,file:/home/chinhbean/.m2/repository/io/grpc/grpc-alts/1.39.0/gson-2.8.6.jar,file:/home/chinhbean/.m2/repository/io/grpc/grpc-alts/1.39.0/annotations-4.1.1.4.jar,file:/home/chinhbean/.m2/repository/io/grpc/grpc-alts/1.39.0/animal-sniffer-annotations-1.19.jar,file:/home/chinhbean/.m2/repository/io/grpc/grpc-alts/1.39.0/httpclient-4.5.13.jar,file:/home/chinhbean/.m2/repository/io/grpc/grpc-alts/1.39.0/httpcore-4.4.13.jar,file:/home/chinhbean/.m2/repository/io/grpc/grpc-alts/1.39.0/jackson-core-2.11.3.jar,file:/home/chinhbean/.m2/repository/io/grpc/grpc-alts/1.39.0/commons-logging-1.2.jar,file:/home/chinhbean/.m2/repository/io/grpc/grpc-alts/1.39.0/commons-codec-1.11.jar
17-02-2025 11:47:42.307 [restartedMain] INFO  o.s.b.d.e.DevToolsPropertyDefaultsPostProcessor.logTo - Devtools property defaults active! Set 'spring.devtools.add-properties' to 'false' to disable
17-02-2025 11:47:42.307 [restartedMain] INFO  o.s.b.d.e.DevToolsPropertyDefaultsPostProcessor.logTo - For additional web related logging consider setting the 'logging.level.web' property to 'DEBUG'
17-02-2025 11:47:43.361 [restartedMain] INFO  o.s.d.r.c.RepositoryConfigurationDelegate.registerRepositoriesIn - Bootstrapping Spring Data JPA repositories in DEFAULT mode.
17-02-2025 11:47:43.472 [restartedMain] INFO  o.s.d.r.c.RepositoryConfigurationDelegate.registerRepositoriesIn - Finished Spring Data repository scanning in 106 ms. Found 11 JPA repository interfaces.
17-02-2025 11:47:44.150 [restartedMain] INFO  o.s.b.w.e.tomcat.TomcatWebServer.initialize - Tomcat initialized with port 8080 (http)
17-02-2025 11:47:44.157 [restartedMain] INFO  o.a.coyote.http11.Http11NioProtocol.log - Initializing ProtocolHandler ["http-nio-8080"]
17-02-2025 11:47:44.159 [restartedMain] INFO  o.a.catalina.core.StandardService.log - Starting service [Tomcat]
17-02-2025 11:47:44.159 [restartedMain] INFO  o.a.catalina.core.StandardEngine.log - Starting Servlet engine: [Apache Tomcat/10.1.28]
17-02-2025 11:47:44.194 [restartedMain] INFO  o.a.c.c.C.[Tomcat].[localhost].[/].log - Initializing Spring embedded WebApplicationContext
17-02-2025 11:47:44.194 [restartedMain] INFO  o.s.b.w.s.c.ServletWebServerApplicationContext.prepareWebApplicationContext - Root WebApplicationContext: initialization completed in 1886 ms
17-02-2025 11:47:44.306 [restartedMain] INFO  com.zaxxer.hikari.HikariDataSource.getConnection - HikariPool-1 - Starting...
17-02-2025 11:47:44.481 [restartedMain] INFO  com.zaxxer.hikari.pool.HikariPool.checkFailFast - HikariPool-1 - Added connection org.postgresql.jdbc.PgConnection@13fff4b2
17-02-2025 11:47:44.483 [restartedMain] INFO  com.zaxxer.hikari.HikariDataSource.getConnection - HikariPool-1 - Start completed.
17-02-2025 11:47:44.491 [restartedMain] INFO  o.s.b.a.h.H2ConsoleAutoConfiguration.logDataSources - H2 console available at '/h2-console'. Database available at 'jdbc:postgresql://localhost:5432/coms?useSSL=false&serverTimezone=UTC&allowPublicKeyRetrieval=true'
17-02-2025 11:47:44.672 [restartedMain] INFO  o.h.jpa.internal.util.LogHelper.logPersistenceUnitInformation - HHH000204: Processing PersistenceUnitInfo [name: default]
17-02-2025 11:47:44.726 [restartedMain] INFO  org.hibernate.Version.logVersion - HHH000412: Hibernate ORM core version 6.5.2.Final
17-02-2025 11:47:44.752 [restartedMain] INFO  o.h.c.i.RegionFactoryInitiator.initiateService - HHH000026: Second-level cache disabled
17-02-2025 11:47:45.017 [restartedMain] INFO  o.s.o.j.p.SpringPersistenceUnitInfo.addTransformer - No LoadTimeWeaver setup: ignoring JPA class transformer
17-02-2025 11:47:45.059 [restartedMain] WARN  org.hibernate.orm.deprecation.constructDialect - HHH90000025: PostgreSQLDialect does not need to be specified explicitly using 'hibernate.dialect' (remove the property setting and it will be selected by default)
17-02-2025 11:47:46.070 [restartedMain] INFO  o.h.e.t.j.p.i.JtaPlatformInitiator.initiateService - HHH000489: No JTA platform available (set 'hibernate.transaction.jta.platform' to enable JTA platform integration)
17-02-2025 11:47:46.368 [restartedMain] INFO  o.s.o.j.LocalContainerEntityManagerFactoryBean.buildNativeEntityManagerFactory - Initialized JPA EntityManagerFactory for persistence unit 'default'
17-02-2025 11:47:46.612 [restartedMain] INFO  o.s.d.j.r.query.QueryEnhancerFactory.<clinit> - Hibernate is in classpath; If applicable, HQL parser will be used.
17-02-2025 11:47:47.566 [restartedMain] INFO  o.s.s.c.a.a.c.InitializeAuthenticationProviderBeanManagerConfigurer$InitializeAuthenticationProviderManagerConfigurer.configure - Global AuthenticationManager configured with AuthenticationProvider bean with name authenticationProvider
17-02-2025 11:47:47.567 [restartedMain] WARN  o.s.s.c.a.a.c.InitializeUserDetailsBeanManagerConfigurer$InitializeUserDetailsManagerConfigurer.configure - Global AuthenticationManager configured with an AuthenticationProvider bean. UserDetailsService beans will not be used for username/password login. Consider removing the AuthenticationProvider bean. Alternatively, consider using the UserDetailsService in a manually instantiated DaoAuthenticationProvider.
17-02-2025 11:47:48.188 [restartedMain] INFO  o.s.b.a.e.web.EndpointLinksResolver.<init> - Exposing 1 endpoint beneath base path '/actuator'
17-02-2025 11:47:48.854 [restartedMain] INFO  o.s.b.d.a.OptionalLiveReloadServer.startServer - LiveReload server is running on port 35729
17-02-2025 11:47:48.902 [restartedMain] INFO  o.a.coyote.http11.Http11NioProtocol.log - Starting ProtocolHandler ["http-nio-8080"]
17-02-2025 11:47:48.916 [restartedMain] INFO  o.s.b.w.e.tomcat.TomcatWebServer.start - Tomcat started on port 8080 (http) with context path '/'
17-02-2025 11:47:48.933 [restartedMain] INFO  c.c.c.ContractManagementApplication.logStarted - Started ContractManagementApplication in 6.93 seconds (process running for 7.602)
17-02-2025 11:47:49.636 [RMI TCP Connection(2)-127.0.0.1] INFO  o.a.c.c.C.[Tomcat].[localhost].[/].log - Initializing Spring DispatcherServlet 'dispatcherServlet'
17-02-2025 11:47:49.636 [RMI TCP Connection(2)-127.0.0.1] INFO  o.s.web.servlet.DispatcherServlet.initServletBean - Initializing Servlet 'dispatcherServlet'
17-02-2025 11:47:49.638 [RMI TCP Connection(2)-127.0.0.1] INFO  o.s.web.servlet.DispatcherServlet.initServletBean - Completed initialization in 1 ms
17-02-2025 12:06:08.321 [SpringApplicationShutdownHook] INFO  o.s.o.j.LocalContainerEntityManagerFactoryBean.destroy - Closing JPA EntityManagerFactory for persistence unit 'default'
17-02-2025 12:06:08.325 [SpringApplicationShutdownHook] INFO  com.zaxxer.hikari.HikariDataSource.close - HikariPool-1 - Shutdown initiated...
17-02-2025 12:06:08.331 [SpringApplicationShutdownHook] INFO  com.zaxxer.hikari.HikariDataSource.close - HikariPool-1 - Shutdown completed.
17-02-2025 14:08:35.085 [background-preinit] INFO  o.h.validator.internal.util.Version.<clinit> - HV000001: Hibernate Validator 8.0.1.Final
17-02-2025 14:08:35.131 [restartedMain] INFO  c.c.c.ContractManagementApplication.logStarting - Starting ContractManagementApplication using Java 17.0.14 with PID 24384 (/media/chinhbean/PERSONAL/source-code/source-code-java/CoMS/target/classes started by chinhbean in /media/chinhbean/PERSONAL/source-code/source-code-java/CoMS)
17-02-2025 14:08:35.132 [restartedMain] INFO  c.c.c.ContractManagementApplication.logStartupProfileInfo - The following 1 profile is active: "dev"
17-02-2025 14:08:35.187 [restartedMain] INFO  o.s.b.d.restart.ChangeableUrls.logTo - The Class-Path manifest attribute in /home/chinhbean/.m2/repository/io/grpc/grpc-netty-shaded/1.39.0/grpc-netty-shaded-1.39.0.jar referenced one or more files that do not exist: file:/home/chinhbean/.m2/repository/io/grpc/grpc-netty-shaded/1.39.0/grpc-core-1.39.0.jar,file:/home/chinhbean/.m2/repository/io/grpc/grpc-netty-shaded/1.39.0/grpc-api-1.39.0.jar,file:/home/chinhbean/.m2/repository/io/grpc/grpc-netty-shaded/1.39.0/guava-30.1-android.jar,file:/home/chinhbean/.m2/repository/io/grpc/grpc-netty-shaded/1.39.0/error_prone_annotations-2.4.0.jar,file:/home/chinhbean/.m2/repository/io/grpc/grpc-netty-shaded/1.39.0/perfmark-api-0.23.0.jar,file:/home/chinhbean/.m2/repository/io/grpc/grpc-netty-shaded/1.39.0/failureaccess-1.0.1.jar,file:/home/chinhbean/.m2/repository/io/grpc/grpc-netty-shaded/1.39.0/listenablefuture-9999.0-empty-to-avoid-conflict-with-guava.jar,file:/home/chinhbean/.m2/repository/io/grpc/grpc-netty-shaded/1.39.0/jsr305-3.0.2.jar,file:/home/chinhbean/.m2/repository/io/grpc/grpc-netty-shaded/1.39.0/checker-compat-qual-2.5.5.jar,file:/home/chinhbean/.m2/repository/io/grpc/grpc-netty-shaded/1.39.0/j2objc-annotations-1.3.jar,file:/home/chinhbean/.m2/repository/io/grpc/grpc-netty-shaded/1.39.0/gson-2.8.6.jar,file:/home/chinhbean/.m2/repository/io/grpc/grpc-netty-shaded/1.39.0/annotations-4.1.1.4.jar,file:/home/chinhbean/.m2/repository/io/grpc/grpc-netty-shaded/1.39.0/animal-sniffer-annotations-1.19.jar,file:/home/chinhbean/.m2/repository/io/grpc/grpc-netty-shaded/1.39.0/grpc-context-1.39.0.jar
17-02-2025 14:08:35.188 [restartedMain] INFO  o.s.b.d.restart.ChangeableUrls.logTo - The Class-Path manifest attribute in /home/chinhbean/.m2/repository/io/grpc/grpc-alts/1.39.0/grpc-alts-1.39.0.jar referenced one or more files that do not exist: file:/home/chinhbean/.m2/repository/io/grpc/grpc-alts/1.39.0/grpc-auth-1.39.0.jar,file:/home/chinhbean/.m2/repository/io/grpc/grpc-alts/1.39.0/grpc-grpclb-1.39.0.jar,file:/home/chinhbean/.m2/repository/io/grpc/grpc-alts/1.39.0/grpc-protobuf-1.39.0.jar,file:/home/chinhbean/.m2/repository/io/grpc/grpc-alts/1.39.0/grpc-stub-1.39.0.jar,file:/home/chinhbean/.m2/repository/io/grpc/grpc-alts/1.39.0/protobuf-java-util-3.17.2.jar,file:/home/chinhbean/.m2/repository/io/grpc/grpc-alts/1.39.0/proto-google-common-protos-2.0.1.jar,file:/home/chinhbean/.m2/repository/io/grpc/grpc-alts/1.39.0/protobuf-java-3.17.2.jar,file:/home/chinhbean/.m2/repository/io/grpc/grpc-alts/1.39.0/conscrypt-openjdk-uber-2.5.1.jar,file:/home/chinhbean/.m2/repository/io/grpc/grpc-alts/1.39.0/google-auth-library-oauth2-http-0.22.2.jar,file:/home/chinhbean/.m2/repository/io/grpc/grpc-alts/1.39.0/grpc-netty-shaded-1.39.0.jar,file:/home/chinhbean/.m2/repository/io/grpc/grpc-alts/1.39.0/grpc-core-1.39.0.jar,file:/home/chinhbean/.m2/repository/io/grpc/grpc-alts/1.39.0/grpc-protobuf-lite-1.39.0.jar,file:/home/chinhbean/.m2/repository/io/grpc/grpc-alts/1.39.0/grpc-api-1.39.0.jar,file:/home/chinhbean/.m2/repository/io/grpc/grpc-alts/1.39.0/google-http-client-jackson2-1.38.0.jar,file:/home/chinhbean/.m2/repository/io/grpc/grpc-alts/1.39.0/google-http-client-1.38.0.jar,file:/home/chinhbean/.m2/repository/io/grpc/grpc-alts/1.39.0/opencensus-contrib-http-util-0.24.0.jar,file:/home/chinhbean/.m2/repository/io/grpc/grpc-alts/1.39.0/guava-30.1-android.jar,file:/home/chinhbean/.m2/repository/io/grpc/grpc-alts/1.39.0/google-auth-library-credentials-0.22.2.jar,file:/home/chinhbean/.m2/repository/io/grpc/grpc-alts/1.39.0/error_prone_annotations-2.4.0.jar,file:/home/chinhbean/.m2/repository/io/grpc/grpc-alts/1.39.0/jsr305-3.0.2.jar,file:/home/chinhbean/.m2/repository/io/grpc/grpc-alts/1.39.0/failureaccess-1.0.1.jar,file:/home/chinhbean/.m2/repository/io/grpc/grpc-alts/1.39.0/listenablefuture-9999.0-empty-to-avoid-conflict-with-guava.jar,file:/home/chinhbean/.m2/repository/io/grpc/grpc-alts/1.39.0/checker-compat-qual-2.5.5.jar,file:/home/chinhbean/.m2/repository/io/grpc/grpc-alts/1.39.0/j2objc-annotations-1.3.jar,file:/home/chinhbean/.m2/repository/io/grpc/grpc-alts/1.39.0/auto-value-annotations-1.7.4.jar,file:/home/chinhbean/.m2/repository/io/grpc/grpc-alts/1.39.0/perfmark-api-0.23.0.jar,file:/home/chinhbean/.m2/repository/io/grpc/grpc-alts/1.39.0/opencensus-api-0.24.0.jar,file:/home/chinhbean/.m2/repository/io/grpc/grpc-alts/1.39.0/grpc-context-1.39.0.jar,file:/home/chinhbean/.m2/repository/io/grpc/grpc-alts/1.39.0/gson-2.8.6.jar,file:/home/chinhbean/.m2/repository/io/grpc/grpc-alts/1.39.0/annotations-4.1.1.4.jar,file:/home/chinhbean/.m2/repository/io/grpc/grpc-alts/1.39.0/animal-sniffer-annotations-1.19.jar,file:/home/chinhbean/.m2/repository/io/grpc/grpc-alts/1.39.0/httpclient-4.5.13.jar,file:/home/chinhbean/.m2/repository/io/grpc/grpc-alts/1.39.0/httpcore-4.4.13.jar,file:/home/chinhbean/.m2/repository/io/grpc/grpc-alts/1.39.0/jackson-core-2.11.3.jar,file:/home/chinhbean/.m2/repository/io/grpc/grpc-alts/1.39.0/commons-logging-1.2.jar,file:/home/chinhbean/.m2/repository/io/grpc/grpc-alts/1.39.0/commons-codec-1.11.jar
17-02-2025 14:08:35.188 [restartedMain] INFO  o.s.b.d.e.DevToolsPropertyDefaultsPostProcessor.logTo - Devtools property defaults active! Set 'spring.devtools.add-properties' to 'false' to disable
17-02-2025 14:08:35.190 [restartedMain] INFO  o.s.b.d.e.DevToolsPropertyDefaultsPostProcessor.logTo - For additional web related logging consider setting the 'logging.level.web' property to 'DEBUG'
17-02-2025 14:08:36.684 [restartedMain] INFO  o.s.d.r.c.RepositoryConfigurationDelegate.registerRepositoriesIn - Bootstrapping Spring Data JPA repositories in DEFAULT mode.
17-02-2025 14:08:36.832 [restartedMain] INFO  o.s.d.r.c.RepositoryConfigurationDelegate.registerRepositoriesIn - Finished Spring Data repository scanning in 142 ms. Found 11 JPA repository interfaces.
17-02-2025 14:08:37.680 [restartedMain] INFO  o.s.b.w.e.tomcat.TomcatWebServer.initialize - Tomcat initialized with port 8080 (http)
17-02-2025 14:08:37.690 [restartedMain] INFO  o.a.coyote.http11.Http11NioProtocol.log - Initializing ProtocolHandler ["http-nio-8080"]
17-02-2025 14:08:37.694 [restartedMain] INFO  o.a.catalina.core.StandardService.log - Starting service [Tomcat]
17-02-2025 14:08:37.694 [restartedMain] INFO  o.a.catalina.core.StandardEngine.log - Starting Servlet engine: [Apache Tomcat/10.1.28]
17-02-2025 14:08:37.735 [restartedMain] INFO  o.a.c.c.C.[Tomcat].[localhost].[/].log - Initializing Spring embedded WebApplicationContext
17-02-2025 14:08:37.736 [restartedMain] INFO  o.s.b.w.s.c.ServletWebServerApplicationContext.prepareWebApplicationContext - Root WebApplicationContext: initialization completed in 2545 ms
17-02-2025 14:08:37.871 [restartedMain] INFO  com.zaxxer.hikari.HikariDataSource.getConnection - HikariPool-1 - Starting...
17-02-2025 14:08:38.064 [restartedMain] INFO  com.zaxxer.hikari.pool.HikariPool.checkFailFast - HikariPool-1 - Added connection org.postgresql.jdbc.PgConnection@5b6075ef
17-02-2025 14:08:38.066 [restartedMain] INFO  com.zaxxer.hikari.HikariDataSource.getConnection - HikariPool-1 - Start completed.
17-02-2025 14:08:38.075 [restartedMain] INFO  o.s.b.a.h.H2ConsoleAutoConfiguration.logDataSources - H2 console available at '/h2-console'. Database available at 'jdbc:postgresql://localhost:5432/coms?useSSL=false&serverTimezone=UTC&allowPublicKeyRetrieval=true'
17-02-2025 14:08:38.294 [restartedMain] INFO  o.h.jpa.internal.util.LogHelper.logPersistenceUnitInformation - HHH000204: Processing PersistenceUnitInfo [name: default]
17-02-2025 14:08:38.385 [restartedMain] INFO  org.hibernate.Version.logVersion - HHH000412: Hibernate ORM core version 6.5.2.Final
17-02-2025 14:08:38.449 [restartedMain] INFO  o.h.c.i.RegionFactoryInitiator.initiateService - HHH000026: Second-level cache disabled
17-02-2025 14:08:39.045 [restartedMain] INFO  o.s.o.j.p.SpringPersistenceUnitInfo.addTransformer - No LoadTimeWeaver setup: ignoring JPA class transformer
17-02-2025 14:08:39.145 [restartedMain] WARN  org.hibernate.orm.deprecation.constructDialect - HHH90000025: PostgreSQLDialect does not need to be specified explicitly using 'hibernate.dialect' (remove the property setting and it will be selected by default)
17-02-2025 14:08:41.170 [restartedMain] INFO  o.h.e.t.j.p.i.JtaPlatformInitiator.initiateService - HHH000489: No JTA platform available (set 'hibernate.transaction.jta.platform' to enable JTA platform integration)
17-02-2025 14:08:41.345 [restartedMain] WARN  o.h.e.jdbc.spi.SqlExceptionHelper.logWarning - SQL Warning Code: 0, SQLState: 00000
17-02-2025 14:08:41.346 [restartedMain] WARN  o.h.e.jdbc.spi.SqlExceptionHelper.logWarning - constraint "ukbx9jyu2cccdntb3ehrf0ojpfd" of relation "contracts" does not exist, skipping
17-02-2025 14:08:41.352 [restartedMain] WARN  o.h.e.jdbc.spi.SqlExceptionHelper.logWarning - SQL Warning Code: 0, SQLState: 00000
17-02-2025 14:08:41.352 [restartedMain] WARN  o.h.e.jdbc.spi.SqlExceptionHelper.logWarning - constraint "ukiwjru8c6xgln24ll5h2ttm8os" of relation "payment_one_time" does not exist, skipping
17-02-2025 14:08:41.429 [restartedMain] INFO  o.s.o.j.LocalContainerEntityManagerFactoryBean.buildNativeEntityManagerFactory - Initialized JPA EntityManagerFactory for persistence unit 'default'
17-02-2025 14:08:41.700 [restartedMain] INFO  o.s.d.j.r.query.QueryEnhancerFactory.<clinit> - Hibernate is in classpath; If applicable, HQL parser will be used.
17-02-2025 14:08:42.902 [restartedMain] INFO  o.s.s.c.a.a.c.InitializeAuthenticationProviderBeanManagerConfigurer$InitializeAuthenticationProviderManagerConfigurer.configure - Global AuthenticationManager configured with AuthenticationProvider bean with name authenticationProvider
17-02-2025 14:08:42.903 [restartedMain] WARN  o.s.s.c.a.a.c.InitializeUserDetailsBeanManagerConfigurer$InitializeUserDetailsManagerConfigurer.configure - Global AuthenticationManager configured with an AuthenticationProvider bean. UserDetailsService beans will not be used for username/password login. Consider removing the AuthenticationProvider bean. Alternatively, consider using the UserDetailsService in a manually instantiated DaoAuthenticationProvider.
17-02-2025 14:08:48.580 [restartedMain] INFO  o.s.b.a.e.web.EndpointLinksResolver.<init> - Exposing 1 endpoint beneath base path '/actuator'
17-02-2025 14:08:49.322 [restartedMain] INFO  o.s.b.d.a.OptionalLiveReloadServer.startServer - LiveReload server is running on port 35729
17-02-2025 14:08:49.378 [restartedMain] INFO  o.a.coyote.http11.Http11NioProtocol.log - Starting ProtocolHandler ["http-nio-8080"]
17-02-2025 14:08:49.388 [restartedMain] INFO  o.s.b.w.e.tomcat.TomcatWebServer.start - Tomcat started on port 8080 (http) with context path '/'
17-02-2025 14:08:49.406 [restartedMain] INFO  c.c.c.ContractManagementApplication.logStarted - Started ContractManagementApplication in 14.636 seconds (process running for 15.509)
17-02-2025 14:08:50.413 [RMI TCP Connection(2)-127.0.0.1] INFO  o.a.c.c.C.[Tomcat].[localhost].[/].log - Initializing Spring DispatcherServlet 'dispatcherServlet'
17-02-2025 14:08:50.414 [RMI TCP Connection(2)-127.0.0.1] INFO  o.s.web.servlet.DispatcherServlet.initServletBean - Initializing Servlet 'dispatcherServlet'
17-02-2025 14:08:50.416 [RMI TCP Connection(2)-127.0.0.1] INFO  o.s.web.servlet.DispatcherServlet.initServletBean - Completed initialization in 2 ms
